<?xml version="1.0" encoding="UTF-8"?>
<!-- Generated by org.testng.reporters.JUnitReportReporter -->
<testsuite skipped="2" hostname="DESKTOP-NMJEUIO" name="practise_tests.parallel_execution_test" tests="2" failures="0" timestamp="26 Nov 2019 11:26:47 GMT" time="0.000" errors="0">
  <testcase name="init" time="0.000" classname="practise_tests.parallel_execution_test">
    <skipped/>
  </testcase> <!-- init -->
  <testcase name="init" time="0.000" classname="practise_tests.parallel_execution_test">
    <skipped/>
  </testcase> <!-- init -->
</testsuite> <!-- practise_tests.parallel_execution_test -->
