<?xml version="1.0" encoding="UTF-8"?>
<!-- Generated by org.testng.reporters.JUnitReportReporter -->
<testsuite skipped="0" hostname="DESKTOP-NMJEUIO" name="tests.Gmail_login_test" tests="2" failures="0" timestamp="05 Nov 2019 10:37:31 GMT" time="71.464" errors="0">
  <testcase name="init" time="29.777" classname="tests.Gmail_login_test"/>
  <testcase name="login" time="41.687" classname="tests.Gmail_login_test"/>
</testsuite> <!-- tests.Gmail_login_test -->
