<?xml version="1.0" encoding="UTF-8"?>
<!-- Generated by org.testng.reporters.JUnitReportReporter -->
<testsuite skipped="0" hostname="DESKTOP-NMJEUIO" name="practise_tests.select_dropdown_test" tests="1" failures="0" timestamp="20 Nov 2019 09:13:31 GMT" time="1.450" errors="0">
  <testcase name="init" time="1.450" classname="practise_tests.select_dropdown_test"/>
</testsuite> <!-- practise_tests.select_dropdown_test -->
