<?xml version="1.0" encoding="UTF-8"?>
<!-- Generated by org.testng.reporters.JUnitReportReporter -->
<testsuite skipped="0" hostname="DESKTOP-NMJEUIO" name="tests.Gmail_login_test" tests="1" failures="0" timestamp="22 Jul 2019 08:57:32 GMT" time="16.043" errors="0">
  <testcase name="init" time="16.043" classname="tests.Gmail_login_test"/>
</testsuite> <!-- tests.Gmail_login_test -->
