<?xml version="1.0" encoding="UTF-8"?>
<!-- Generated by org.testng.reporters.JUnitReportReporter -->
<testsuite skipped="2" hostname="DESKTOP-NMJEUIO" name="tests.Gmail_login_test" tests="2" failures="0" timestamp="05 Nov 2019 10:03:56 GMT" time="0.000" errors="0">
  <testcase name="init" time="0.000" classname="tests.Gmail_login_test">
    <skipped/>
  </testcase> <!-- init -->
  <testcase name="login" time="0.000" classname="tests.Gmail_login_test">
    <skipped/>
  </testcase> <!-- login -->
</testsuite> <!-- tests.Gmail_login_test -->
