<?xml version="1.0" encoding="UTF-8"?>
<!-- Generated by org.testng.reporters.JUnitReportReporter -->
<testsuite skipped="0" hostname="DESKTOP-NMJEUIO" name="tests.Gmail_login_test" tests="1" failures="0" timestamp="22 Jul 2019 09:01:05 GMT" time="23.185" errors="0">
  <testcase name="init" time="23.185" classname="tests.Gmail_login_test"/>
</testsuite> <!-- tests.Gmail_login_test -->
